Arguments: 
  C:\Program Files\nodejs\node.exe C:\Program Files (x86)\Yarn\bin\yarn.js

PATH: 
  C:\Program Files\Java\jdk1.7.0_80\bin;C:\ProgramData\Oracle\Java\javapath;D:\Oracle\app\guilhermereis\product\11.2.0\client_1\bin;C:\Program Files (x86)\Intel\iCLS Client\;C:\Program Files\Intel\iCLS Client\;C:\WINDOWS\system32;C:\WINDOWS;C:\WINDOWS\System32\Wbem;C:\WINDOWS\System32\WindowsPowerShell\v1.0\;C:\Program Files\Intel\Intel(R) Management Engine Components\DAL;C:\Program Files\Intel\Intel(R) Management Engine Components\IPT;C:\Program Files (x86)\Intel\Intel(R) Management Engine Components\DAL;C:\Program Files (x86)\Intel\Intel(R) Management Engine Components\IPT;C:\app\guilhermereis\product\11.2.0\client_1\BIN;C:\Program Files (x86)\Microsoft SQL Server\120\Tools\Binn\ManagementStudio\;C:\Program Files (x86)\Microsoft SQL Server\120\Tools\Binn\;C:\Program Files (x86)\Microsoft Visual Studio 12.0\Common7\IDE\PrivateAssemblies\;C:\Program Files (x86)\Microsoft SQL Server\120\DTS\Binn\;C:\Program Files (x86)\Microsoft SQL Server\110\DTS\Binn\;C:\Program Files\tomcat-7.0.54\bin;C:\WINDOWS\system32\config\systemprofile\.dnx\bin;C:\Program Files\Microsoft DNX\Dnvm\;C:\Program Files\Microsoft SQL Server\120\Tools\Binn\;C:\Program Files\Microsoft SQL Server\130\Tools\Binn\;C:\Program Files (x86)\Windows Kits\10\Windows Performance Toolkit\;C:\Program Files (x86)\Microsoft SQL Server\130\DTS\Binn\;E:\Programas\Xamarin_I\gtk\bin;C:\Program Files\Microsoft SQL Server\110\DTS\Binn\;C:\Program Files (x86)\Microsoft SQL Server\110\Tools\Binn\;C:\Program Files\Microsoft SQL Server\110\Tools\Binn\;C:\Program Files (x86)\Microsoft SQL Server\110\Tools\Binn\ManagementStudio\;C:\Program Files (x86)\Microsoft Visual Studio 10.0\Common7\IDE\PrivateAssemblies\;C:\Program Files\TortoiseSVN\bin;C:\Program Files\nodejs\;C:\Program Files (x86)\Microsoft SQL Server\100\Tools\Binn\VSShell\Common7\IDE\;C:\Program Files (x86)\Microsoft SQL Server\100\Tools\Binn\;C:\Program Files\Microsoft SQL Server\100\Tools\Binn\;C:\Program Files (x86)\Microsoft SQL Server\100\DTS\Binn\;C:\Program Files (x86)\Yarn\bin;D:\apache-maven-3.5.0\bin;D:\instalacoes\Git\cmd;C:\Users\franklin\AppData\Local\Microsoft\WindowsApps;C:\Users\franklin\AppData\Roaming\npm;C:\Users\franklin\AppData\Local\atom\bin;C:\Users\franklin\AppData\Local\Yarn\bin;C:\Users\franklin\AppData\Local\Programs\EmEditor;C:\Program Files\Heroku\bin;C:\Users\franklin\AppData\Local\Microsoft\WindowsApps;

Yarn version: 
  0.27.5

Node version: 
  6.9.5

Platform: 
  win32 x64

npm manifest: 
  {
    "name": "elainekids",
    "description": "An Aurelia client application.",
    "version": "0.1.0",
    "repository": {
      "type": "???",
      "url": "???"
    },
    "license": "MIT",
    "dependencies": {
      "aurelia-bootstrapper": "^2.1.1",
      "aurelia-animator-css": "^1.0.2",
      "bluebird": "^3.4.1",
      "requirejs": "^2.3.2",
      "text": "github:requirejs/text#latest"
    },
    "peerDependencies": {},
    "devDependencies": {
      "aurelia-cli": "^0.32.0",
      "aurelia-testing": "^1.0.0-beta.3.0.1",
      "aurelia-tools": "^1.0.0",
      "gulp": "github:gulpjs/gulp#4.0",
      "minimatch": "^3.0.2",
      "through2": "^2.0.1",
      "uglify-js": "^3.0.19",
      "vinyl-fs": "^2.4.3",
      "babel-eslint": "^6.0.4",
      "babel-plugin-syntax-flow": "^6.8.0",
      "babel-plugin-transform-decorators-legacy": "^1.3.4",
      "babel-plugin-transform-es2015-modules-amd": "^6.8.0",
      "babel-plugin-transform-es2015-modules-commonjs": "^6.10.3",
      "babel-plugin-transform-flow-strip-types": "^6.8.0",
      "babel-preset-es2015": "^6.13.2",
      "babel-preset-stage-1": "^6.5.0",
      "babel-polyfill": "^6.9.1",
      "babel-register": "^6.24.0",
      "gulp-babel": "^6.1.2",
      "gulp-eslint": "^2.0.0",
      "gulp-htmlmin": "^3.0.0",
      "html-minifier": "^3.2.3",
      "jasmine-core": "^2.4.1",
      "karma": "^0.13.22",
      "karma-chrome-launcher": "^2.2.0",
      "karma-jasmine": "^1.0.2",
      "karma-sourcemap-loader": "^0.3.7",
      "karma-babel-preprocessor": "^6.0.1",
      "browser-sync": "^2.13.0",
      "connect-history-api-fallback": "^1.2.0",
      "debounce": "^1.0.2",
      "gulp-changed-in-place": "^2.0.3",
      "gulp-plumber": "^1.1.0",
      "gulp-rename": "^1.2.2",
      "gulp-sourcemaps": "^2.0.0-alpha",
      "gulp-notify": "^2.2.0",
      "gulp-watch": "^4.3.11"
    }
  }

yarn manifest: 
  No manifest

Lockfile: 
  No lockfile

Trace: 
  Error: https://codeload.github.com/requirejs/text/tar.gz/9cb21c87317449d7dc7e989f0dcd98d6ba3347b3: Request failed "404 Not Found"
      at Request.handleRequestError (C:\Program Files (x86)\Yarn\lib\yarn-cli.js:56351:20)
      at emitOne (events.js:96:13)
      at Request.emit (events.js:188:7)
      at Request.onRequestResponse (C:\Program Files (x86)\Yarn\lib\yarn-cli.js:115128:10)
      at emitOne (events.js:96:13)
      at ClientRequest.emit (events.js:188:7)
      at HTTPParser.parserOnIncomingClient (_http_client.js:474:21)
      at HTTPParser.parserOnHeadersComplete (_http_common.js:99:23)
      at TLSSocket.socketOnData (_http_client.js:363:20)
      at emitOne (events.js:96:13)
      at TLSSocket.emit (events.js:188:7)
